read begin
layer:0
layer:1
layer:2
layer:3
layer:4
layer:5
layer:6
layer:7
layer:8
layer:9
layer:10
layer:11
layer:12
layer:13
layer:14
edge num:606569597
average edges:615.691
build time:25314
buildOK
ef:25
recall:0.249963
time:7.76461
qps:1287.89
ef:50
recall:0.497753
time:13.2278
qps:755.986
ef:75
recall:0.741649
time:18.153
qps:550.872
ef:100
recall:0.983235
time:22.6702
qps:441.108
ef:125
recall:0.984406
time:26.9311
qps:371.318
ef:150
recall:0.984904
time:30.9635
qps:322.961
ef:175
recall:0.985166
time:34.8439
qps:286.994
ef:200
recall:0.985294
time:38.618
qps:258.947
ef:225
recall:0.98537
time:42.242
qps:236.731
ef:250
recall:0.985416
time:45.7601
qps:218.531
ef:275
recall:0.985443
time:49.2388
qps:203.092
ef:300
recall:0.985458
time:52.7936
qps:189.417
ef:325
recall:0.985465
time:56.5345
qps:176.883
ef:350
recall:0.985476
time:59.8076
qps:167.203
ef:375
recall:0.985479
time:63.0367
qps:158.638
ef:400
recall:0.985489
time:66.2292
qps:150.991
ef:425
recall:0.985489
time:69.3255
qps:144.247
ef:450
recall:0.985497
time:72.4225
qps:138.079
ef:475
recall:0.985502
time:75.4337
qps:132.567
ef:500
recall:0.985502
time:78.4362
qps:127.492
ef:525
recall:0.985507
time:81.4486
qps:122.777
ef:550
recall:0.985507
time:84.3415
qps:118.566
ef:575
recall:0.985512
time:87.2286
qps:114.641
ef:600
recall:0.985516
time:90.05
qps:111.049
ef:625
recall:0.985521
time:92.8911
qps:107.653
ef:650
recall:0.985518
time:95.7207
qps:104.471
ef:675
recall:0.985518
time:98.5333
qps:101.489
ef:700
recall:0.98552
time:101.282
qps:98.7345
ef:725
recall:0.985524
time:104.022
qps:96.1335
ef:750
recall:0.985522
time:106.778
qps:93.6526
ef:775
recall:0.985516
time:109.419
qps:91.392
ef:800
recall:0.985521
time:112.185
qps:89.1387
ef:825
recall:0.985519
time:114.73
qps:87.1608
ef:850
recall:0.985524
time:117.432
qps:85.1555
ef:875
recall:0.985522
time:119.997
qps:83.3352
ef:900
recall:0.985524
time:122.564
qps:81.5903
ef:925
recall:0.985523
time:124.706
qps:80.1885
ef:950
recall:0.985523
time:127.044
qps:78.7132
ef:975
recall:0.985522
time:129.627
qps:77.1446
ef:1000
recall:0.985526
time:132.155
qps:75.6685
