read begin
layer:0
layer:1
layer:2
layer:3
layer:4
layer:5
layer:6
layer:7
layer:8
layer:9
layer:10
layer:11
layer:12
layer:13
layer:14
edge num:1389239902
average edges:1410.13
build time:41793.2
buildOK
ef:25
recall:0.250117
time:12.6011
qps:793.58
ef:50
recall:0.498079
time:21.2401
qps:470.807
ef:75
recall:0.742133
time:29.1194
qps:343.413
ef:100
recall:0.985021
time:36.3257
qps:275.287
ef:125
recall:0.985559
time:43.1925
qps:231.522
ef:150
recall:0.985805
time:49.7491
qps:201.009
ef:175
recall:0.985954
time:56.0305
qps:178.474
ef:200
recall:0.986018
time:62.1146
qps:160.993
ef:225
recall:0.986044
time:68.0262
qps:147.002
ef:250
recall:0.986084
time:73.7609
qps:135.573
ef:275
recall:0.986099
time:79.4369
qps:125.886
ef:300
recall:0.986128
time:84.9663
qps:117.694
ef:325
recall:0.986142
time:90.3437
qps:110.688
ef:350
recall:0.98615
time:95.5704
qps:104.635
ef:375
recall:0.986179
time:100.65
qps:99.3546
ef:400
recall:0.986179
time:105.756
qps:94.5571
ef:425
recall:0.986179
time:110.748
qps:90.2947
ef:450
recall:0.986195
time:115.652
qps:86.4664
ef:475
recall:0.986181
time:120.377
qps:83.0724
ef:500
recall:0.986193
time:125.122
qps:79.9222
ef:525
recall:0.986189
time:129.77
qps:77.0592
ef:550
recall:0.986198
time:134.43
qps:74.388
ef:575
recall:0.986218
time:139.074
qps:71.9043
ef:600
recall:0.986188
time:143.634
qps:69.6216
ef:625
recall:0.986211
time:147.899
qps:67.6137
ef:650
recall:0.986223
time:152.382
qps:65.6247
ef:675
recall:0.986211
time:156.719
qps:63.8083
ef:700
recall:0.986205
time:161.253
qps:62.0145
ef:725
recall:0.986199
time:165.549
qps:60.4052
ef:750
recall:0.986208
time:169.647
qps:58.9461
ef:775
recall:0.986219
time:174.062
qps:57.4509
ef:800
recall:0.986205
time:178.223
qps:56.1095
ef:825
recall:0.986202
time:182.423
qps:54.8177
ef:850
recall:0.986211
time:186.456
qps:53.6318
ef:875
recall:0.98622
time:189.906
qps:52.6576
ef:900
recall:0.986213
time:194.408
qps:51.4383
ef:925
recall:0.986202
time:197.745
qps:50.5702
ef:950
recall:0.986212
time:201.749
qps:49.5665
ef:975
recall:0.986217
time:205.788
qps:48.5937
ef:1000
recall:0.986207
time:209.561
qps:47.7187
